<?xml version="1.0" encoding="UTF-8"?>
<!-- Generated by org.testng.reporters.JUnitReportReporter -->
<testsuite hostname="WIN-NF51SIC44K4" failures="0" tests="3" name="KthlLargestTest" time="0.017" errors="0" timestamp="2022-04-25T20:00:18 YEKT" skipped="0">
  <testcase classname="KthlLargestTest" name="testKthlLargestHappyPatch" time="0.015"/>
  <system-out/>
  <testcase classname="KthlLargestTest" name="testKthlLargestNullArrLength" time="0.001"/>
  <system-out/>
  <testcase classname="KthlLargestTest" name="testKthlLargestNegativInd" time="0.001"/>
  <system-out/>
</testsuite> <!-- KthlLargestTest -->
