<?xml version="1.0" encoding="UTF-8"?>
<!-- Generated by org.testng.reporters.JUnitReportReporter -->
<testsuite hostname="WIN-NF51SIC44K4" failures="0" tests="6" name="UtilsTest" time="0.006" errors="0" timestamp="2022-04-25T20:00:18 YEKT" skipped="0">
  <testcase classname="UtilsTest" name="testSearshIndString" time="0.001"/>
  <system-out/>
  <testcase classname="UtilsTest" name="testMinMaxAve" time="0.001"/>
  <system-out/>
  <testcase classname="UtilsTest" name="testSearshIndInt" time="0.000"/>
  <system-out/>
  <testcase classname="UtilsTest" name="testPeakElement" time="0.001"/>
  <system-out/>
  <testcase classname="UtilsTest" name="testIntersection" time="0.002"/>
  <system-out/>
  <testcase classname="UtilsTest" name="testReverseArray" time="0.001"/>
  <system-out/>
</testsuite> <!-- UtilsTest -->
