<?xml version="1.0" encoding="UTF-8"?>
<!-- Generated by org.testng.reporters.JUnitReportReporter -->
<testsuite hostname="WIN-NF51SIC44K4" failures="0" tests="1" name="NegativOnTheRightTest" time="0.004" errors="0" timestamp="2022-04-25T20:00:18 YEKT" skipped="0">
  <testcase classname="NegativOnTheRightTest" name="testNegativOnTheRightHappyPatch" time="0.004"/>
  <system-out/>
</testsuite> <!-- NegativOnTheRightTest -->
