<?xml version="1.0" encoding="UTF-8"?>
<!-- Generated by org.testng.reporters.JUnitReportReporter -->
<testsuite hostname="WIN-NF51SIC44K4" failures="0" tests="6" name="LogicTest" time="0.016" errors="0" timestamp="2022-04-24T19:23:09 YEKT" skipped="0">
  <testcase classname="LogicTest" name="testPeakElement" time="0.000"/>
  <system-out/>
  <testcase classname="LogicTest" name="testReverseArray" time="0.000"/>
  <system-out/>
  <testcase classname="LogicTest" name="testIntersection" time="0.016"/>
  <system-out/>
  <testcase classname="LogicTest" name="testMinMaxAve" time="0.000"/>
  <system-out/>
  <testcase classname="LogicTest" name="testSearshIndString" time="0.000"/>
  <system-out/>
  <testcase classname="LogicTest" name="testSearshIndInt" time="0.000"/>
  <system-out/>
</testsuite> <!-- LogicTest -->
