<?xml version="1.0" encoding="UTF-8"?>
<!-- Generated by org.testng.reporters.JUnitReportReporter -->
<testsuite hostname="WIN-NF51SIC44K4" failures="0" tests="1" name="SumOfTwoTest" time="0.002" errors="0" timestamp="2022-04-25T20:00:18 YEKT" skipped="0">
  <testcase classname="SumOfTwoTest" name="testSumOfTwoHappyPatch" time="0.002"/>
  <system-out/>
</testsuite> <!-- SumOfTwoTest -->
