<?xml version="1.0" encoding="UTF-8"?>
<!-- Generated by org.testng.reporters.JUnitReportReporter -->
<testsuite hostname="WIN-NF51SIC44K4" failures="0" tests="2" name="SortArrayTest" time="0.003" errors="0" timestamp="2022-04-25T20:00:18 YEKT" skipped="0">
  <testcase classname="SortArrayTest" name="testSortArrayNull" time="0.001"/>
  <system-out/>
  <testcase classname="SortArrayTest" name="testSortArrayHappyPatch" time="0.002"/>
  <system-out/>
</testsuite> <!-- SortArrayTest -->
